Logfile initialized
[INFO] logfile = /Volumes/Work/TiSwipeToReveal/build.log
[DEBUG] /Library/Application Support/Titanium/mobilesdk/osx/2.1.1.GA/android/builder.py install twitterslide /android-sdk-mac_x86 /Volumes/Work/TiSwipeToReveal/ info.rborn.twitterslide 10
[INFO] Titanium SDK version: 2.1.1 (07/27/12 14:01 0fd84a2)
[DEBUG] Waiting for device to be ready ...
[TRACE] adb devices returned 1 devices/emulators
[DEBUG] Device connected... (waited 0 seconds)
[DEBUG] waited 0.020190 seconds on emulator to get ready
[DEBUG] info.rborn.twitterslide installed? False
[INFO] Copying CommonJS modules...
[INFO] Copying project resources..
[TRACE] COPYING MODIFIED FILE: /Volumes/Work/TiSwipeToReveal/Resources/app.js => /Volumes/Work/TiSwipeToReveal/build/android/bin/assets/Resources/app.js
[TRACE] Generating Java Classes
[DEBUG] Processing Android resource drawables
[DEBUG] copying app icon: /Volumes/Work/TiSwipeToReveal/build/android/bin/assets/Resources/appicon.png
[DEBUG] generating theme.xml
[DEBUG] found drawable-long-land-hdpi splash screen at /Volumes/Work/TiSwipeToReveal/Resources/android/images/res-long-land-hdpi/default.png
[DEBUG] copying /Volumes/Work/TiSwipeToReveal/Resources/android/images/res-long-land-hdpi/default.png splash screen to /Volumes/Work/TiSwipeToReveal/build/android/res/drawable-long-land-hdpi/background.png
[DEBUG] found drawable-long-land-ldpi splash screen at /Volumes/Work/TiSwipeToReveal/Resources/android/images/res-long-land-ldpi/default.png
[DEBUG] copying /Volumes/Work/TiSwipeToReveal/Resources/android/images/res-long-land-ldpi/default.png splash screen to /Volumes/Work/TiSwipeToReveal/build/android/res/drawable-long-land-ldpi/background.png
[DEBUG] found drawable-long-port-hdpi splash screen at /Volumes/Work/TiSwipeToReveal/Resources/android/images/res-long-port-hdpi/default.png
[DEBUG] copying /Volumes/Work/TiSwipeToReveal/Resources/android/images/res-long-port-hdpi/default.png splash screen to /Volumes/Work/TiSwipeToReveal/build/android/res/drawable-long-port-hdpi/background.png
[DEBUG] found drawable-long-port-ldpi splash screen at /Volumes/Work/TiSwipeToReveal/Resources/android/images/res-long-port-ldpi/default.png
[DEBUG] copying /Volumes/Work/TiSwipeToReveal/Resources/android/images/res-long-port-ldpi/default.png splash screen to /Volumes/Work/TiSwipeToReveal/build/android/res/drawable-long-port-ldpi/background.png
[DEBUG] found drawable-notlong-land-hdpi splash screen at /Volumes/Work/TiSwipeToReveal/Resources/android/images/res-notlong-land-hdpi/default.png
[DEBUG] copying /Volumes/Work/TiSwipeToReveal/Resources/android/images/res-notlong-land-hdpi/default.png splash screen to /Volumes/Work/TiSwipeToReveal/build/android/res/drawable-notlong-land-hdpi/background.png
[DEBUG] found drawable-notlong-land-ldpi splash screen at /Volumes/Work/TiSwipeToReveal/Resources/android/images/res-notlong-land-ldpi/default.png
[DEBUG] copying /Volumes/Work/TiSwipeToReveal/Resources/android/images/res-notlong-land-ldpi/default.png splash screen to /Volumes/Work/TiSwipeToReveal/build/android/res/drawable-notlong-land-ldpi/background.png
[DEBUG] found drawable-notlong-land-mdpi splash screen at /Volumes/Work/TiSwipeToReveal/Resources/android/images/res-notlong-land-mdpi/default.png
[DEBUG] copying /Volumes/Work/TiSwipeToReveal/Resources/android/images/res-notlong-land-mdpi/default.png splash screen to /Volumes/Work/TiSwipeToReveal/build/android/res/drawable-notlong-land-mdpi/background.png
[DEBUG] found drawable-notlong-port-hdpi splash screen at /Volumes/Work/TiSwipeToReveal/Resources/android/images/res-notlong-port-hdpi/default.png
[DEBUG] copying /Volumes/Work/TiSwipeToReveal/Resources/android/images/res-notlong-port-hdpi/default.png splash screen to /Volumes/Work/TiSwipeToReveal/build/android/res/drawable-notlong-port-hdpi/background.png
[DEBUG] found drawable-notlong-port-ldpi splash screen at /Volumes/Work/TiSwipeToReveal/Resources/android/images/res-notlong-port-ldpi/default.png
[DEBUG] copying /Volumes/Work/TiSwipeToReveal/Resources/android/images/res-notlong-port-ldpi/default.png splash screen to /Volumes/Work/TiSwipeToReveal/build/android/res/drawable-notlong-port-ldpi/background.png
[DEBUG] found drawable-notlong-port-mdpi splash screen at /Volumes/Work/TiSwipeToReveal/Resources/android/images/res-notlong-port-mdpi/default.png
[DEBUG] copying /Volumes/Work/TiSwipeToReveal/Resources/android/images/res-notlong-port-mdpi/default.png splash screen to /Volumes/Work/TiSwipeToReveal/build/android/res/drawable-notlong-port-mdpi/background.png
[DEBUG] found splash screen at /Volumes/Work/TiSwipeToReveal/build/android/bin/assets/Resources/default.png
[TRACE] Writing out AndroidManifest.xml
[DEBUG] adding /Volumes/Work/TiSwipeToReveal/build/android/gen/info/rborn/twitterslide/R.java to javac build list
[DEBUG] adding /Volumes/Work/TiSwipeToReveal/build/android/gen/info/rborn/twitterslide/TwitterslideActivity.java to javac build list
[DEBUG] adding /Volumes/Work/TiSwipeToReveal/build/android/gen/info/rborn/twitterslide/TwitterslideAppInfo.java to javac build list
[DEBUG] adding /Volumes/Work/TiSwipeToReveal/build/android/gen/info/rborn/twitterslide/TwitterslideApplication.java to javac build list
[DEBUG] Building Java Sources: "/Volumes/Work/TiSwipeToReveal/build/android/gen/info/rborn/twitterslide/R.java" "/Volumes/Work/TiSwipeToReveal/build/android/gen/info/rborn/twitterslide/TwitterslideActivity.java" "/Volumes/Work/TiSwipeToReveal/build/android/gen/info/rborn/twitterslide/TwitterslideAppInfo.java" "/Volumes/Work/TiSwipeToReveal/build/android/gen/info/rborn/twitterslide/TwitterslideApplication.java"
[INFO] Compiling Android Resources... This could take some time
[DEBUG] Android classes.dex built
[DEBUG] creating unsigned apk: /Volumes/Work/TiSwipeToReveal/build/android/bin/app-unsigned.apk
[DEBUG] from resource zip => assets/Resources/KS_nav_ui.png
[DEBUG] from resource zip => assets/Resources/app.js
[DEBUG] from resource zip => assets/Resources/appicon.png
[DEBUG] from resource zip => assets/Resources/default.png
[DEBUG] from resource zip => assets/app.json
[DEBUG] from resource zip => assets/index.json
[DEBUG] from resource zip => assets/tiapp.xml
[DEBUG] from resource zip => res/drawable/appicon.png
[DEBUG] from resource zip => res/drawable/background.png
[DEBUG] from resource zip => res/layout/titanium_tabgroup.xml
[DEBUG] from resource zip => AndroidManifest.xml
[DEBUG] from resource zip => resources.arsc
[DEBUG] from resource zip => res/drawable-long-land-hdpi/background.png
[DEBUG] from resource zip => res/drawable-long-land-ldpi/background.png
[DEBUG] from resource zip => res/drawable-long-port-hdpi/background.png
[DEBUG] from resource zip => res/drawable-long-port-ldpi/background.png
[DEBUG] from resource zip => res/drawable-notlong-land-hdpi/background.png
[DEBUG] from resource zip => res/drawable-notlong-land-ldpi/background.png
[DEBUG] from resource zip => res/drawable-notlong-land-mdpi/background.png
[DEBUG] from resource zip => res/drawable-notlong-port-hdpi/background.png
[DEBUG] from resource zip => res/drawable-notlong-port-ldpi/background.png
[DEBUG] from resource zip => res/drawable-notlong-port-mdpi/background.png
[DEBUG] from JAR /Library/Application Support/Titanium/mobilesdk/osx/2.1.1.GA/android/titanium.jar => org/appcelerator/titanium/build.properties
[DEBUG] from JAR /Library/Application Support/Titanium/mobilesdk/osx/2.1.1.GA/android/titanium.jar => org/appcelerator/titanium/res/drawable/background.png
[DEBUG] from JAR /Library/Application Support/Titanium/mobilesdk/osx/2.1.1.GA/android/titanium.jar => org/appcelerator/titanium/res/drawable/btn_check_buttonless_on.png
[DEBUG] from JAR /Library/Application Support/Titanium/mobilesdk/osx/2.1.1.GA/android/titanium.jar => org/appcelerator/titanium/res/drawable/btn_check_buttonless_on_18.png
[DEBUG] from JAR /Library/Application Support/Titanium/mobilesdk/osx/2.1.1.GA/android/titanium.jar => org/appcelerator/titanium/res/drawable/btn_check_buttonless_on_48.png
[DEBUG] from JAR /Library/Application Support/Titanium/mobilesdk/osx/2.1.1.GA/android/titanium.jar => org/appcelerator/titanium/res/drawable/btn_more.png
[DEBUG] from JAR /Library/Application Support/Titanium/mobilesdk/osx/2.1.1.GA/android/titanium.jar => org/appcelerator/titanium/res/drawable/btn_more_18.png
[DEBUG] from JAR /Library/Application Support/Titanium/mobilesdk/osx/2.1.1.GA/android/titanium.jar => org/appcelerator/titanium/res/drawable/btn_more_48.png
[DEBUG] from JAR /Library/Application Support/Titanium/mobilesdk/osx/2.1.1.GA/android/titanium.jar => org/appcelerator/titanium/res/drawable/btn_picker_normal.9.png
[DEBUG] from JAR /Library/Application Support/Titanium/mobilesdk/osx/2.1.1.GA/android/titanium.jar => org/appcelerator/titanium/res/drawable/btn_picker_pressed.9.png
[DEBUG] from JAR /Library/Application Support/Titanium/mobilesdk/osx/2.1.1.GA/android/titanium.jar => org/appcelerator/titanium/res/drawable/btn_picker_selected.9.png
[DEBUG] from JAR /Library/Application Support/Titanium/mobilesdk/osx/2.1.1.GA/android/titanium.jar => org/appcelerator/titanium/res/drawable/default_icon.png
[DEBUG] from JAR /Library/Application Support/Titanium/mobilesdk/osx/2.1.1.GA/android/titanium.jar => org/appcelerator/titanium/res/drawable/photoDefault.png
[DEBUG] from JAR /Library/Application Support/Titanium/mobilesdk/osx/2.1.1.GA/android/modules/titanium-ui.jar => ti/modules/titanium/ui/widget/webview/binding.js
[DEBUG] from JAR /Library/Application Support/Titanium/mobilesdk/osx/2.1.1.GA/android/modules/titanium-ui.jar => ti/modules/titanium/ui/widget/webview/binding.min.js
[DEBUG] from JAR /Library/Application Support/Titanium/mobilesdk/osx/2.1.1.GA/android/modules/titanium-ui.jar => ti/modules/titanium/ui/widget/webview/json2.js
[DEBUG] from JAR /Library/Application Support/Titanium/mobilesdk/osx/2.1.1.GA/android/modules/titanium-ui.jar => ti/modules/titanium/ui/widget/webview/polling.js
[DEBUG] from JAR /Library/Application Support/Titanium/mobilesdk/osx/2.1.1.GA/android/modules/titanium-ui.jar => ti/modules/titanium/ui/widget/webview/polling.min.js
[DEBUG] installing native SDK libs
[DEBUG] Waiting for device to be ready ...
[TRACE] adb devices returned 1 devices/emulators
[DEBUG] Device connected... (waited 0 seconds)
[DEBUG] waited 0.022488 seconds on emulator to get ready
[INFO] Installing application on device
[INFO] Application installed. Launch from drawer on Home Screen
